<?xml version="1.0" encoding="UTF-8"?>
<!-- Generated by org.testng.reporters.JUnitXMLReporter -->
<testsuite ignored="0" hostname="DESKTOP-D58P1C5" failures="0" tests="10" name="Surefire test" time="131.07" errors="0" timestamp="2021-04-15T23:38:44 EDT">
  <testcase classname="com.crm.qa.testcases.DataProviderTest" name="submitContctDetails" time="1.164"/>
  <testcase classname="com.crm.qa.testcases.DataProviderTest" name="submitContctDetails" time="1.254"/>
  <testcase classname="com.crm.qa.testcases.DataProviderTest" name="submitContctDetails" time="1.371"/>
  <testcase classname="com.crm.qa.testcases.HomePageTest" name="VerifyHomePageTitleTest" time="0.012"/>
  <testcase classname="com.crm.qa.testcases.HomePageTest" name="verifyUserNameTest" time="6.891"/>
  <testcase classname="com.crm.qa.testcases.HomePageTest" name="verifyContactsLink" time="1.151"/>
  <testcase classname="com.crm.qa.testcases.HomePageTest" name="verifyMoreOptions" time="12.652"/>
  <testcase classname="com.crm.qa.testcases.LoginPageTest" name="LoginPageTitleTest" time="0.007"/>
  <testcase classname="com.crm.qa.testcases.LoginPageTest" name="flipkartLogoTest" time="0.044"/>
  <testcase classname="com.crm.qa.testcases.LoginPageTest" name="loginTest" time="0.344"/>
</testsuite> <!-- Surefire test -->
