<?xml version="1.0" encoding="UTF-8"?>
<!-- Generated by org.testng.reporters.JUnitXMLReporter -->
<testsuite ignored="0" hostname="DESKTOP-D58P1C5" failures="0" tests="3" name="Default test" time="36.689" errors="0" timestamp="01 Apr. 2021 03:46:20 GMT">
  <testcase classname="com.crm.qa.testcases.DataProviderTest" name="submitContctDetails" time="0.965"/>
  <testcase classname="com.crm.qa.testcases.DataProviderTest" name="submitContctDetails" time="0.879"/>
  <testcase classname="com.crm.qa.testcases.DataProviderTest" name="submitContctDetails" time="1.299"/>
</testsuite> <!-- Default test -->
