<?xml version="1.0" encoding="UTF-8"?>
<testng-results ignored="0" total="10" passed="10" failed="0" skipped="0">
  <reporter-output>
  </reporter-output>
  <suite started-at="2021-04-15T23:36:33 EDT" name="Surefire suite" finished-at="2021-04-15T23:38:44 EDT" duration-ms="131070">
    <groups>
    </groups>
    <test started-at="2021-04-15T23:36:33 EDT" name="Surefire test" finished-at="2021-04-15T23:38:44 EDT" duration-ms="131070">
      <class name="com.crm.qa.testcases.DataProviderTest">
        <test-method is-config="true" signature="setUp()[pri:0, instance:com.crm.qa.testcases.DataProviderTest@6b1274d2]" started-at="2021-04-15T23:36:34 EDT" name="setUp" finished-at="2021-04-15T23:36:43 EDT" duration-ms="9143" status="PASS">
          <reporter-output>
          </reporter-output>
        </test-method> <!-- setUp -->
        <test-method signature="submitContctDetails(java.lang.String,java.lang.String,java.lang.String,java.lang.String,java.lang.String,java.lang.String)[pri:0, instance:com.crm.qa.testcases.DataProviderTest@6b1274d2]" started-at="2021-04-15T23:36:43 EDT" name="submitContctDetails" data-provider="data" finished-at="2021-04-15T23:36:44 EDT" duration-ms="1164" status="PASS">
          <params>
            <param index="0">
              <value>
                <![CDATA[1.0]]>
              </value>
            </param>
            <param index="1">
              <value>
                <![CDATA[sub1]]>
              </value>
            </param>
            <param index="2">
              <value>
                <![CDATA[msg1]]>
              </value>
            </param>
            <param index="3">
              <value>
                <![CDATA[max]]>
              </value>
            </param>
            <param index="4">
              <value>
                <![CDATA[abc@gmail.com]]>
              </value>
            </param>
            <param index="5">
              <value>
                <![CDATA[1.234567891E9]]>
              </value>
            </param>
          </params>
          <reporter-output>
          </reporter-output>
        </test-method> <!-- submitContctDetails -->
        <test-method is-config="true" signature="exit()[pri:0, instance:com.crm.qa.testcases.DataProviderTest@6b1274d2]" started-at="2021-04-15T23:36:44 EDT" name="exit" finished-at="2021-04-15T23:36:45 EDT" duration-ms="827" status="PASS">
          <reporter-output>
          </reporter-output>
        </test-method> <!-- exit -->
        <test-method is-config="true" signature="setUp()[pri:0, instance:com.crm.qa.testcases.DataProviderTest@6b1274d2]" started-at="2021-04-15T23:36:45 EDT" name="setUp" finished-at="2021-04-15T23:36:51 EDT" duration-ms="6497" status="PASS">
          <reporter-output>
          </reporter-output>
        </test-method> <!-- setUp -->
        <test-method signature="submitContctDetails(java.lang.String,java.lang.String,java.lang.String,java.lang.String,java.lang.String,java.lang.String)[pri:0, instance:com.crm.qa.testcases.DataProviderTest@6b1274d2]" started-at="2021-04-15T23:36:51 EDT" name="submitContctDetails" data-provider="data" finished-at="2021-04-15T23:36:53 EDT" duration-ms="1254" status="PASS">
          <params>
            <param index="0">
              <value>
                <![CDATA[2.0]]>
              </value>
            </param>
            <param index="1">
              <value>
                <![CDATA[sub2]]>
              </value>
            </param>
            <param index="2">
              <value>
                <![CDATA[msg2]]>
              </value>
            </param>
            <param index="3">
              <value>
                <![CDATA[catty]]>
              </value>
            </param>
            <param index="4">
              <value>
                <![CDATA[zyz@yahoo.com]]>
              </value>
            </param>
            <param index="5">
              <value>
                <![CDATA[1.234567891E9]]>
              </value>
            </param>
          </params>
          <reporter-output>
          </reporter-output>
        </test-method> <!-- submitContctDetails -->
        <test-method is-config="true" signature="exit()[pri:0, instance:com.crm.qa.testcases.DataProviderTest@6b1274d2]" started-at="2021-04-15T23:36:53 EDT" name="exit" finished-at="2021-04-15T23:36:53 EDT" duration-ms="766" status="PASS">
          <reporter-output>
          </reporter-output>
        </test-method> <!-- exit -->
        <test-method is-config="true" signature="setUp()[pri:0, instance:com.crm.qa.testcases.DataProviderTest@6b1274d2]" started-at="2021-04-15T23:36:53 EDT" name="setUp" finished-at="2021-04-15T23:37:01 EDT" duration-ms="7090" status="PASS">
          <reporter-output>
          </reporter-output>
        </test-method> <!-- setUp -->
        <test-method signature="submitContctDetails(java.lang.String,java.lang.String,java.lang.String,java.lang.String,java.lang.String,java.lang.String)[pri:0, instance:com.crm.qa.testcases.DataProviderTest@6b1274d2]" started-at="2021-04-15T23:37:01 EDT" name="submitContctDetails" data-provider="data" finished-at="2021-04-15T23:37:02 EDT" duration-ms="1371" status="PASS">
          <params>
            <param index="0">
              <value>
                <![CDATA[3.0]]>
              </value>
            </param>
            <param index="1">
              <value>
                <![CDATA[sub3]]>
              </value>
            </param>
            <param index="2">
              <value>
                <![CDATA[msg3]]>
              </value>
            </param>
            <param index="3">
              <value>
                <![CDATA[perry]]>
              </value>
            </param>
            <param index="4">
              <value>
                <![CDATA[sdf@google.com]]>
              </value>
            </param>
            <param index="5">
              <value>
                <![CDATA[1.234567891E9]]>
              </value>
            </param>
          </params>
          <reporter-output>
          </reporter-output>
        </test-method> <!-- submitContctDetails -->
        <test-method is-config="true" signature="exit()[pri:0, instance:com.crm.qa.testcases.DataProviderTest@6b1274d2]" started-at="2021-04-15T23:37:02 EDT" name="exit" finished-at="2021-04-15T23:37:03 EDT" duration-ms="729" status="PASS">
          <reporter-output>
          </reporter-output>
        </test-method> <!-- exit -->
      </class> <!-- com.crm.qa.testcases.DataProviderTest -->
      <class name="com.crm.qa.testcases.HomePageTest">
        <test-method is-config="true" signature="setUp()[pri:0, instance:com.crm.qa.testcases.HomePageTest@15bb6bea]" started-at="2021-04-15T23:37:03 EDT" name="setUp" finished-at="2021-04-15T23:37:23 EDT" duration-ms="20457" status="PASS">
          <reporter-output>
          </reporter-output>
        </test-method> <!-- setUp -->
        <test-method signature="VerifyHomePageTitleTest()[pri:1, instance:com.crm.qa.testcases.HomePageTest@15bb6bea]" started-at="2021-04-15T23:37:23 EDT" name="VerifyHomePageTitleTest" finished-at="2021-04-15T23:37:23 EDT" duration-ms="12" status="PASS">
          <reporter-output>
          </reporter-output>
        </test-method> <!-- VerifyHomePageTitleTest -->
        <test-method is-config="true" signature="tearDown()[pri:0, instance:com.crm.qa.testcases.HomePageTest@15bb6bea]" started-at="2021-04-15T23:37:23 EDT" name="tearDown" finished-at="2021-04-15T23:37:24 EDT" duration-ms="946" status="PASS">
          <reporter-output>
          </reporter-output>
        </test-method> <!-- tearDown -->
        <test-method is-config="true" signature="setUp()[pri:0, instance:com.crm.qa.testcases.HomePageTest@15bb6bea]" started-at="2021-04-15T23:37:24 EDT" name="setUp" finished-at="2021-04-15T23:37:34 EDT" duration-ms="9463" status="PASS">
          <reporter-output>
          </reporter-output>
        </test-method> <!-- setUp -->
        <test-method signature="verifyUserNameTest()[pri:2, instance:com.crm.qa.testcases.HomePageTest@15bb6bea]" started-at="2021-04-15T23:37:34 EDT" name="verifyUserNameTest" finished-at="2021-04-15T23:37:40 EDT" duration-ms="6891" status="PASS">
          <reporter-output>
          </reporter-output>
        </test-method> <!-- verifyUserNameTest -->
        <test-method is-config="true" signature="tearDown()[pri:0, instance:com.crm.qa.testcases.HomePageTest@15bb6bea]" started-at="2021-04-15T23:37:40 EDT" name="tearDown" finished-at="2021-04-15T23:37:41 EDT" duration-ms="840" status="PASS">
          <reporter-output>
          </reporter-output>
        </test-method> <!-- tearDown -->
        <test-method is-config="true" signature="setUp()[pri:0, instance:com.crm.qa.testcases.HomePageTest@15bb6bea]" started-at="2021-04-15T23:37:41 EDT" name="setUp" finished-at="2021-04-15T23:37:50 EDT" duration-ms="8833" status="PASS">
          <reporter-output>
          </reporter-output>
        </test-method> <!-- setUp -->
        <test-method signature="verifyContactsLink()[pri:3, instance:com.crm.qa.testcases.HomePageTest@15bb6bea]" started-at="2021-04-15T23:37:50 EDT" name="verifyContactsLink" finished-at="2021-04-15T23:37:51 EDT" duration-ms="1151" status="PASS">
          <reporter-output>
          </reporter-output>
        </test-method> <!-- verifyContactsLink -->
        <test-method is-config="true" signature="tearDown()[pri:0, instance:com.crm.qa.testcases.HomePageTest@15bb6bea]" started-at="2021-04-15T23:37:51 EDT" name="tearDown" finished-at="2021-04-15T23:37:52 EDT" duration-ms="757" status="PASS">
          <reporter-output>
          </reporter-output>
        </test-method> <!-- tearDown -->
        <test-method is-config="true" signature="setUp()[pri:0, instance:com.crm.qa.testcases.HomePageTest@15bb6bea]" started-at="2021-04-15T23:37:52 EDT" name="setUp" finished-at="2021-04-15T23:38:00 EDT" duration-ms="8292" status="PASS">
          <reporter-output>
          </reporter-output>
        </test-method> <!-- setUp -->
        <test-method signature="verifyMoreOptions()[pri:4, instance:com.crm.qa.testcases.HomePageTest@15bb6bea]" started-at="2021-04-15T23:38:00 EDT" name="verifyMoreOptions" finished-at="2021-04-15T23:38:13 EDT" duration-ms="12652" status="PASS">
          <reporter-output>
          </reporter-output>
        </test-method> <!-- verifyMoreOptions -->
        <test-method is-config="true" signature="tearDown()[pri:0, instance:com.crm.qa.testcases.HomePageTest@15bb6bea]" started-at="2021-04-15T23:38:13 EDT" name="tearDown" finished-at="2021-04-15T23:38:14 EDT" duration-ms="758" status="PASS">
          <reporter-output>
          </reporter-output>
        </test-method> <!-- tearDown -->
      </class> <!-- com.crm.qa.testcases.HomePageTest -->
      <class name="com.crm.qa.testcases.LoginPageTest">
        <test-method is-config="true" signature="setUp()[pri:0, instance:com.crm.qa.testcases.LoginPageTest@4c40b76e]" started-at="2021-04-15T23:38:14 EDT" name="setUp" finished-at="2021-04-15T23:38:24 EDT" duration-ms="9776" status="PASS">
          <reporter-output>
          </reporter-output>
        </test-method> <!-- setUp -->
        <test-method signature="LoginPageTitleTest()[pri:1, instance:com.crm.qa.testcases.LoginPageTest@4c40b76e]" started-at="2021-04-15T23:38:24 EDT" name="LoginPageTitleTest" finished-at="2021-04-15T23:38:24 EDT" duration-ms="7" status="PASS">
          <reporter-output>
          </reporter-output>
        </test-method> <!-- LoginPageTitleTest -->
        <test-method is-config="true" signature="afterMethod()[pri:0, instance:com.crm.qa.testcases.LoginPageTest@4c40b76e]" started-at="2021-04-15T23:38:24 EDT" name="afterMethod" finished-at="2021-04-15T23:38:24 EDT" duration-ms="819" status="PASS">
          <reporter-output>
          </reporter-output>
        </test-method> <!-- afterMethod -->
        <test-method is-config="true" signature="setUp()[pri:0, instance:com.crm.qa.testcases.LoginPageTest@4c40b76e]" started-at="2021-04-15T23:38:24 EDT" name="setUp" finished-at="2021-04-15T23:38:34 EDT" duration-ms="9290" status="PASS">
          <reporter-output>
          </reporter-output>
        </test-method> <!-- setUp -->
        <test-method signature="flipkartLogoTest()[pri:2, instance:com.crm.qa.testcases.LoginPageTest@4c40b76e]" started-at="2021-04-15T23:38:34 EDT" name="flipkartLogoTest" finished-at="2021-04-15T23:38:34 EDT" duration-ms="44" status="PASS">
          <reporter-output>
          </reporter-output>
        </test-method> <!-- flipkartLogoTest -->
        <test-method is-config="true" signature="afterMethod()[pri:0, instance:com.crm.qa.testcases.LoginPageTest@4c40b76e]" started-at="2021-04-15T23:38:34 EDT" name="afterMethod" finished-at="2021-04-15T23:38:35 EDT" duration-ms="821" status="PASS">
          <reporter-output>
          </reporter-output>
        </test-method> <!-- afterMethod -->
        <test-method is-config="true" signature="setUp()[pri:0, instance:com.crm.qa.testcases.LoginPageTest@4c40b76e]" started-at="2021-04-15T23:38:35 EDT" name="setUp" finished-at="2021-04-15T23:38:43 EDT" duration-ms="8352" status="PASS">
          <reporter-output>
          </reporter-output>
        </test-method> <!-- setUp -->
        <test-method signature="loginTest()[pri:3, instance:com.crm.qa.testcases.LoginPageTest@4c40b76e]" started-at="2021-04-15T23:38:43 EDT" name="loginTest" finished-at="2021-04-15T23:38:43 EDT" duration-ms="344" status="PASS">
          <reporter-output>
          </reporter-output>
        </test-method> <!-- loginTest -->
        <test-method is-config="true" signature="afterMethod()[pri:0, instance:com.crm.qa.testcases.LoginPageTest@4c40b76e]" started-at="2021-04-15T23:38:43 EDT" name="afterMethod" finished-at="2021-04-15T23:38:44 EDT" duration-ms="704" status="PASS">
          <reporter-output>
          </reporter-output>
        </test-method> <!-- afterMethod -->
      </class> <!-- com.crm.qa.testcases.LoginPageTest -->
    </test> <!-- Surefire test -->
  </suite> <!-- Surefire suite -->
</testng-results>
